This file contains any messages produced by compilers while
running configure, to aid debugging if configure makes a mistake.

It was created by FULL-PACKAGE-NAME configure VERSION, which was
generated by GNU Autoconf 2.68.  Invocation command line was

  $ ./configure 

## --------- ##
## Platform. ##
## --------- ##

hostname = think
uname -m = i686
uname -r = 3.2.0-35-generic-pae
uname -s = Linux
uname -v = #55-Ubuntu SMP Wed Dec 5 18:04:39 UTC 2012

/usr/bin/uname -p = unknown
/bin/uname -X     = unknown

/bin/arch              = unknown
/usr/bin/arch -k       = unknown
/usr/convex/getsysinfo = unknown
/usr/bin/hostinfo      = unknown
/bin/machine           = unknown
/usr/bin/oslevel       = unknown
/bin/universe          = unknown

PATH: /usr/local/sbin
PATH: /usr/local/bin
PATH: /usr/sbin
PATH: /usr/bin
PATH: /sbin
PATH: /bin
PATH: /usr/games
PATH: /home/sander/scripts/port
PATH: /home/sander/scripts/ugent-startup-script
PATH: /usr/local/lib/rstudio/bin
PATH: /home/sander/scripts/snapshot
PATH: /home/sander/scripts/
PATH: /home/sander/arm-2008q3/bin
PATH: .
PATH: /home/sander/Downloads/android-sdk-linux/tools
PATH: /usr/local/eclipse/
PATH: /usr/local/sage
PATH: .


## ----------- ##
## Core tests. ##
## ----------- ##

configure:2231: checking for g++
configure:2247: found /usr/bin/g++
configure:2258: result: g++
configure:2285: checking for C++ compiler version
configure:2294: g++ --version >&5
g++ (Ubuntu/Linaro 4.6.3-1ubuntu5) 4.6.3
Copyright (C) 2011 Free Software Foundation, Inc.
This is free software; see the source for copying conditions.  There is NO
warranty; not even for MERCHANTABILITY or FITNESS FOR A PARTICULAR PURPOSE.

configure:2305: $? = 0
configure:2294: g++ -v >&5
Using built-in specs.
COLLECT_GCC=g++
COLLECT_LTO_WRAPPER=/usr/lib/gcc/i686-linux-gnu/4.6/lto-wrapper
Target: i686-linux-gnu
Configured with: ../src/configure -v --with-pkgversion='Ubuntu/Linaro 4.6.3-1ubuntu5' --with-bugurl=file:///usr/share/doc/gcc-4.6/README.Bugs --enable-languages=c,c++,fortran,objc,obj-c++ --prefix=/usr --program-suffix=-4.6 --enable-shared --enable-linker-build-id --with-system-zlib --libexecdir=/usr/lib --without-included-gettext --enable-threads=posix --with-gxx-include-dir=/usr/include/c++/4.6 --libdir=/usr/lib --enable-nls --with-sysroot=/ --enable-clocale=gnu --enable-libstdcxx-debug --enable-libstdcxx-time=yes --enable-gnu-unique-object --enable-plugin --enable-objc-gc --enable-targets=all --disable-werror --with-arch-32=i686 --with-tune=generic --enable-checking=release --build=i686-linux-gnu --host=i686-linux-gnu --target=i686-linux-gnu
Thread model: posix
gcc version 4.6.3 (Ubuntu/Linaro 4.6.3-1ubuntu5) 
configure:2305: $? = 0
configure:2294: g++ -V >&5
g++: error: unrecognized option '-V'
g++: fatal error: no input files
compilation terminated.
configure:2305: $? = 4
configure:2294: g++ -qversion >&5
g++: error: unrecognized option '-qversion'
g++: fatal error: no input files
compilation terminated.
configure:2305: $? = 4
configure:2325: checking whether the C++ compiler works
configure:2347: g++    conftest.cpp  >&5
configure:2351: $? = 0
configure:2399: result: yes
configure:2402: checking for C++ compiler default output file name
configure:2404: result: a.out
configure:2410: checking for suffix of executables
configure:2417: g++ -o conftest    conftest.cpp  >&5
configure:2421: $? = 0
configure:2443: result: 
configure:2465: checking whether we are cross compiling
configure:2473: g++ -o conftest    conftest.cpp  >&5
configure:2477: $? = 0
configure:2484: ./conftest
configure:2488: $? = 0
configure:2503: result: no
configure:2508: checking for suffix of object files
configure:2530: g++ -c   conftest.cpp >&5
configure:2534: $? = 0
configure:2555: result: o
configure:2559: checking whether we are using the GNU C++ compiler
configure:2578: g++ -c   conftest.cpp >&5
configure:2578: $? = 0
configure:2587: result: yes
configure:2596: checking whether g++ accepts -g
configure:2616: g++ -c -g  conftest.cpp >&5
configure:2616: $? = 0
configure:2657: result: yes
configure:2728: checking for gcc
configure:2744: found /usr/bin/gcc
configure:2755: result: gcc
configure:2984: checking for C compiler version
configure:2993: gcc --version >&5
gcc (Ubuntu/Linaro 4.6.3-1ubuntu5) 4.6.3
Copyright (C) 2011 Free Software Foundation, Inc.
This is free software; see the source for copying conditions.  There is NO
warranty; not even for MERCHANTABILITY or FITNESS FOR A PARTICULAR PURPOSE.

configure:3004: $? = 0
configure:2993: gcc -v >&5
Using built-in specs.
COLLECT_GCC=gcc
COLLECT_LTO_WRAPPER=/usr/lib/gcc/i686-linux-gnu/4.6/lto-wrapper
Target: i686-linux-gnu
Configured with: ../src/configure -v --with-pkgversion='Ubuntu/Linaro 4.6.3-1ubuntu5' --with-bugurl=file:///usr/share/doc/gcc-4.6/README.Bugs --enable-languages=c,c++,fortran,objc,obj-c++ --prefix=/usr --program-suffix=-4.6 --enable-shared --enable-linker-build-id --with-system-zlib --libexecdir=/usr/lib --without-included-gettext --enable-threads=posix --with-gxx-include-dir=/usr/include/c++/4.6 --libdir=/usr/lib --enable-nls --with-sysroot=/ --enable-clocale=gnu --enable-libstdcxx-debug --enable-libstdcxx-time=yes --enable-gnu-unique-object --enable-plugin --enable-objc-gc --enable-targets=all --disable-werror --with-arch-32=i686 --with-tune=generic --enable-checking=release --build=i686-linux-gnu --host=i686-linux-gnu --target=i686-linux-gnu
Thread model: posix
gcc version 4.6.3 (Ubuntu/Linaro 4.6.3-1ubuntu5) 
configure:3004: $? = 0
configure:2993: gcc -V >&5
gcc: error: unrecognized option '-V'
gcc: fatal error: no input files
compilation terminated.
configure:3004: $? = 4
configure:2993: gcc -qversion >&5
gcc: error: unrecognized option '-qversion'
gcc: fatal error: no input files
compilation terminated.
configure:3004: $? = 4
configure:3008: checking whether we are using the GNU C compiler
configure:3027: gcc -c   conftest.c >&5
configure:3027: $? = 0
configure:3036: result: yes
configure:3045: checking whether gcc accepts -g
configure:3065: gcc -c -g  conftest.c >&5
configure:3065: $? = 0
configure:3106: result: yes
configure:3123: checking for gcc option to accept ISO C89
configure:3187: gcc  -c -g -O2  conftest.c >&5
configure:3187: $? = 0
configure:3200: result: none needed
configure:3224: checking for main in -lm
configure:3243: gcc -o conftest -g -O2   conftest.c -lm   >&5
configure:3243: $? = 0
configure:3252: result: yes
configure:3264: checking for main in -lmenu
configure:3283: gcc -o conftest -g -O2   conftest.c -lmenu  -lm  >&5
configure:3283: $? = 0
configure:3292: result: yes
configure:3304: checking for main in -lncurses
configure:3323: gcc -o conftest -g -O2   conftest.c -lncurses  -lmenu -lm  >&5
configure:3323: $? = 0
configure:3332: result: yes
configure:3350: checking how to run the C preprocessor
configure:3381: gcc -E  conftest.c
configure:3381: $? = 0
configure:3395: gcc -E  conftest.c
conftest.c:12:28: fatal error: ac_nonexistent.h: No such file or directory
compilation terminated.
configure:3395: $? = 1
configure: failed program was:
| /* confdefs.h */
| #define PACKAGE_NAME "FULL-PACKAGE-NAME"
| #define PACKAGE_TARNAME "full-package-name"
| #define PACKAGE_VERSION "VERSION"
| #define PACKAGE_STRING "FULL-PACKAGE-NAME VERSION"
| #define PACKAGE_BUGREPORT "BUG-REPORT-ADDRESS"
| #define PACKAGE_URL ""
| #define HAVE_LIBM 1
| #define HAVE_LIBMENU 1
| #define HAVE_LIBNCURSES 1
| /* end confdefs.h.  */
| #include <ac_nonexistent.h>
configure:3420: result: gcc -E
configure:3440: gcc -E  conftest.c
configure:3440: $? = 0
configure:3454: gcc -E  conftest.c
conftest.c:12:28: fatal error: ac_nonexistent.h: No such file or directory
compilation terminated.
configure:3454: $? = 1
configure: failed program was:
| /* confdefs.h */
| #define PACKAGE_NAME "FULL-PACKAGE-NAME"
| #define PACKAGE_TARNAME "full-package-name"
| #define PACKAGE_VERSION "VERSION"
| #define PACKAGE_STRING "FULL-PACKAGE-NAME VERSION"
| #define PACKAGE_BUGREPORT "BUG-REPORT-ADDRESS"
| #define PACKAGE_URL ""
| #define HAVE_LIBM 1
| #define HAVE_LIBMENU 1
| #define HAVE_LIBNCURSES 1
| /* end confdefs.h.  */
| #include <ac_nonexistent.h>
configure:3483: checking for grep that handles long lines and -e
configure:3541: result: /bin/grep
configure:3546: checking for egrep
configure:3608: result: /bin/grep -E
configure:3613: checking for ANSI C header files
configure:3633: gcc -c -g -O2  conftest.c >&5
configure:3633: $? = 0
configure:3706: gcc -o conftest -g -O2   conftest.c -lncurses -lmenu -lm  >&5
configure:3706: $? = 0
configure:3706: ./conftest
configure:3706: $? = 0
configure:3717: result: yes
configure:3730: checking for sys/types.h
configure:3730: gcc -c -g -O2  conftest.c >&5
configure:3730: $? = 0
configure:3730: result: yes
configure:3730: checking for sys/stat.h
configure:3730: gcc -c -g -O2  conftest.c >&5
configure:3730: $? = 0
configure:3730: result: yes
configure:3730: checking for stdlib.h
configure:3730: gcc -c -g -O2  conftest.c >&5
configure:3730: $? = 0
configure:3730: result: yes
configure:3730: checking for string.h
configure:3730: gcc -c -g -O2  conftest.c >&5
configure:3730: $? = 0
configure:3730: result: yes
configure:3730: checking for memory.h
configure:3730: gcc -c -g -O2  conftest.c >&5
configure:3730: $? = 0
configure:3730: result: yes
configure:3730: checking for strings.h
configure:3730: gcc -c -g -O2  conftest.c >&5
configure:3730: $? = 0
configure:3730: result: yes
configure:3730: checking for inttypes.h
configure:3730: gcc -c -g -O2  conftest.c >&5
configure:3730: $? = 0
configure:3730: result: yes
configure:3730: checking for stdint.h
configure:3730: gcc -c -g -O2  conftest.c >&5
configure:3730: $? = 0
configure:3730: result: yes
configure:3730: checking for unistd.h
configure:3730: gcc -c -g -O2  conftest.c >&5
configure:3730: $? = 0
configure:3730: result: yes
configure:3745: checking arpa/inet.h usability
configure:3745: gcc -c -g -O2  conftest.c >&5
configure:3745: $? = 0
configure:3745: result: yes
configure:3745: checking arpa/inet.h presence
configure:3745: gcc -E  conftest.c
configure:3745: $? = 0
configure:3745: result: yes
configure:3745: checking for arpa/inet.h
configure:3745: result: yes
configure:3745: checking limits.h usability
configure:3745: gcc -c -g -O2  conftest.c >&5
configure:3745: $? = 0
configure:3745: result: yes
configure:3745: checking limits.h presence
configure:3745: gcc -E  conftest.c
configure:3745: $? = 0
configure:3745: result: yes
configure:3745: checking for limits.h
configure:3745: result: yes
configure:3745: checking netinet/in.h usability
configure:3745: gcc -c -g -O2  conftest.c >&5
configure:3745: $? = 0
configure:3745: result: yes
configure:3745: checking netinet/in.h presence
configure:3745: gcc -E  conftest.c
configure:3745: $? = 0
configure:3745: result: yes
configure:3745: checking for netinet/in.h
configure:3745: result: yes
configure:3745: checking for stdint.h
configure:3745: result: yes
configure:3745: checking for stdlib.h
configure:3745: result: yes
configure:3745: checking for string.h
configure:3745: result: yes
configure:3745: checking sys/ioctl.h usability
configure:3745: gcc -c -g -O2  conftest.c >&5
configure:3745: $? = 0
configure:3745: result: yes
configure:3745: checking sys/ioctl.h presence
configure:3745: gcc -E  conftest.c
configure:3745: $? = 0
configure:3745: result: yes
configure:3745: checking for sys/ioctl.h
configure:3745: result: yes
configure:3745: checking sys/socket.h usability
configure:3745: gcc -c -g -O2  conftest.c >&5
configure:3745: $? = 0
configure:3745: result: yes
configure:3745: checking sys/socket.h presence
configure:3745: gcc -E  conftest.c
configure:3745: $? = 0
configure:3745: result: yes
configure:3745: checking for sys/socket.h
configure:3745: result: yes
configure:3745: checking for unistd.h
configure:3745: result: yes
configure:3757: checking for uint16_t
configure:3757: gcc -c -g -O2  conftest.c >&5
configure:3757: $? = 0
configure:3757: result: yes
configure:3769: checking for uint32_t
configure:3769: gcc -c -g -O2  conftest.c >&5
configure:3769: $? = 0
configure:3769: result: yes
configure:3783: checking for uint8_t
configure:3783: gcc -c -g -O2  conftest.c >&5
configure:3783: $? = 0
configure:3783: result: yes
configure:3801: checking for stdlib.h
configure:3801: result: yes
configure:3811: checking for GNU libc compatible malloc
configure:3835: gcc -o conftest -g -O2   conftest.c -lncurses -lmenu -lm  >&5
configure:3835: $? = 0
configure:3835: ./conftest
configure:3835: $? = 0
configure:3845: result: yes
configure:3869: checking for gethostname
configure:3869: gcc -o conftest -g -O2   conftest.c -lncurses -lmenu -lm  >&5
configure:3869: $? = 0
configure:3869: result: yes
configure:3869: checking for memset
configure:3869: gcc -o conftest -g -O2   conftest.c -lncurses -lmenu -lm  >&5
conftest.c:57:6: warning: conflicting types for built-in function 'memset' [enabled by default]
configure:3869: $? = 0
configure:3869: result: yes
configure:3869: checking for socket
configure:3869: gcc -o conftest -g -O2   conftest.c -lncurses -lmenu -lm  >&5
configure:3869: $? = 0
configure:3869: result: yes
configure:3995: creating ./config.status

## ---------------------- ##
## Running config.status. ##
## ---------------------- ##

This file was extended by FULL-PACKAGE-NAME config.status VERSION, which was
generated by GNU Autoconf 2.68.  Invocation command line was

  CONFIG_FILES    = 
  CONFIG_HEADERS  = 
  CONFIG_LINKS    = 
  CONFIG_COMMANDS = 
  $ ./config.status 

on think

config.status:829: creating Makefile
config.status:829: creating config.h

## ---------------- ##
## Cache variables. ##
## ---------------- ##

ac_cv_c_compiler_gnu=yes
ac_cv_c_uint16_t=yes
ac_cv_c_uint32_t=yes
ac_cv_c_uint8_t=yes
ac_cv_cxx_compiler_gnu=yes
ac_cv_env_CCC_set=
ac_cv_env_CCC_value=
ac_cv_env_CC_set=
ac_cv_env_CC_value=
ac_cv_env_CFLAGS_set=
ac_cv_env_CFLAGS_value=
ac_cv_env_CPPFLAGS_set=
ac_cv_env_CPPFLAGS_value=
ac_cv_env_CPP_set=
ac_cv_env_CPP_value=
ac_cv_env_CXXFLAGS_set=
ac_cv_env_CXXFLAGS_value=
ac_cv_env_CXX_set=
ac_cv_env_CXX_value=
ac_cv_env_LDFLAGS_set=
ac_cv_env_LDFLAGS_value=
ac_cv_env_LIBS_set=
ac_cv_env_LIBS_value=
ac_cv_env_build_alias_set=
ac_cv_env_build_alias_value=
ac_cv_env_host_alias_set=
ac_cv_env_host_alias_value=
ac_cv_env_target_alias_set=
ac_cv_env_target_alias_value=
ac_cv_func_gethostname=yes
ac_cv_func_malloc_0_nonnull=yes
ac_cv_func_memset=yes
ac_cv_func_socket=yes
ac_cv_header_arpa_inet_h=yes
ac_cv_header_inttypes_h=yes
ac_cv_header_limits_h=yes
ac_cv_header_memory_h=yes
ac_cv_header_netinet_in_h=yes
ac_cv_header_stdc=yes
ac_cv_header_stdint_h=yes
ac_cv_header_stdlib_h=yes
ac_cv_header_string_h=yes
ac_cv_header_strings_h=yes
ac_cv_header_sys_ioctl_h=yes
ac_cv_header_sys_socket_h=yes
ac_cv_header_sys_stat_h=yes
ac_cv_header_sys_types_h=yes
ac_cv_header_unistd_h=yes
ac_cv_lib_m_main=yes
ac_cv_lib_menu_main=yes
ac_cv_lib_ncurses_main=yes
ac_cv_objext=o
ac_cv_path_EGREP='/bin/grep -E'
ac_cv_path_GREP=/bin/grep
ac_cv_prog_CPP='gcc -E'
ac_cv_prog_ac_ct_CC=gcc
ac_cv_prog_ac_ct_CXX=g++
ac_cv_prog_cc_c89=
ac_cv_prog_cc_g=yes
ac_cv_prog_cxx_g=yes

## ----------------- ##
## Output variables. ##
## ----------------- ##

CC='gcc'
CFLAGS='-g -O2'
CPP='gcc -E'
CPPFLAGS=''
CXX='g++'
CXXFLAGS='-g -O2'
DEFS='-DHAVE_CONFIG_H'
ECHO_C=''
ECHO_N='-n'
ECHO_T=''
EGREP='/bin/grep -E'
EXEEXT=''
GREP='/bin/grep'
LDFLAGS=''
LIBOBJS=''
LIBS='-lncurses -lmenu -lm '
LTLIBOBJS=''
OBJEXT='o'
PACKAGE_BUGREPORT='BUG-REPORT-ADDRESS'
PACKAGE_NAME='FULL-PACKAGE-NAME'
PACKAGE_STRING='FULL-PACKAGE-NAME VERSION'
PACKAGE_TARNAME='full-package-name'
PACKAGE_URL=''
PACKAGE_VERSION='VERSION'
PATH_SEPARATOR=':'
SHELL='/bin/bash'
ac_ct_CC='gcc'
ac_ct_CXX='g++'
bindir='${exec_prefix}/bin'
build_alias=''
datadir='${datarootdir}'
datarootdir='${prefix}/share'
docdir='${datarootdir}/doc/${PACKAGE_TARNAME}'
dvidir='${docdir}'
exec_prefix='${prefix}'
host_alias=''
htmldir='${docdir}'
includedir='${prefix}/include'
infodir='${datarootdir}/info'
libdir='${exec_prefix}/lib'
libexecdir='${exec_prefix}/libexec'
localedir='${datarootdir}/locale'
localstatedir='${prefix}/var'
mandir='${datarootdir}/man'
oldincludedir='/usr/include'
pdfdir='${docdir}'
prefix='/usr/local'
program_transform_name='s,x,x,'
psdir='${docdir}'
sbindir='${exec_prefix}/sbin'
sharedstatedir='${prefix}/com'
sysconfdir='${prefix}/etc'
target_alias=''

## ----------- ##
## confdefs.h. ##
## ----------- ##

/* confdefs.h */
#define PACKAGE_NAME "FULL-PACKAGE-NAME"
#define PACKAGE_TARNAME "full-package-name"
#define PACKAGE_VERSION "VERSION"
#define PACKAGE_STRING "FULL-PACKAGE-NAME VERSION"
#define PACKAGE_BUGREPORT "BUG-REPORT-ADDRESS"
#define PACKAGE_URL ""
#define HAVE_LIBM 1
#define HAVE_LIBMENU 1
#define HAVE_LIBNCURSES 1
#define STDC_HEADERS 1
#define HAVE_SYS_TYPES_H 1
#define HAVE_SYS_STAT_H 1
#define HAVE_STDLIB_H 1
#define HAVE_STRING_H 1
#define HAVE_MEMORY_H 1
#define HAVE_STRINGS_H 1
#define HAVE_INTTYPES_H 1
#define HAVE_STDINT_H 1
#define HAVE_UNISTD_H 1
#define HAVE_ARPA_INET_H 1
#define HAVE_LIMITS_H 1
#define HAVE_NETINET_IN_H 1
#define HAVE_STDINT_H 1
#define HAVE_STDLIB_H 1
#define HAVE_STRING_H 1
#define HAVE_SYS_IOCTL_H 1
#define HAVE_SYS_SOCKET_H 1
#define HAVE_UNISTD_H 1
#define HAVE_STDLIB_H 1
#define HAVE_MALLOC 1
#define HAVE_GETHOSTNAME 1
#define HAVE_MEMSET 1
#define HAVE_SOCKET 1

configure: exit 0
